\BOOKMARK [0][-]{Doc-Start}{ABSTRACT}{}% 1
\BOOKMARK [0][-]{chapter*.1}{\326Z}{}% 2
\BOOKMARK [0][-]{chapter*.3}{ACKNOWLEDGMENTS}{}% 3
\BOOKMARK [0][-]{chapter*.4}{TABLE OF CONTENTS}{}% 4
\BOOKMARK [0][-]{chapter*.5}{LIST OF TABLES}{}% 5
\BOOKMARK [0][-]{chapter*.6}{LIST OF FIGURES}{}% 6
\BOOKMARK [0][-]{chapter*.7}{LIST OF ABBREVIATIONS}{}% 7
\BOOKMARK [0][-]{chapter.1}{Introduction}{}% 8
\BOOKMARK [1][-]{section.1.1}{Theory}{chapter.1}% 9
\BOOKMARK [2][-]{subsection.1.1.1}{Standard Model}{section.1.1}% 10
\BOOKMARK [3][-]{subsubsection.1.1.1.1}{The hiararchy problem in SM}{subsection.1.1.1}% 11
\BOOKMARK [2][-]{subsection.1.1.2}{The Randall-Sundrum Model}{section.1.1}% 12
\BOOKMARK [0][-]{chapter.2}{Experimental Setup}{}% 13
\BOOKMARK [1][-]{section.2.1}{LHC}{chapter.2}% 14
\BOOKMARK [1][-]{section.2.2}{CMS}{chapter.2}% 15
\BOOKMARK [2][-]{subsection.2.2.1}{Inner Tracking System}{section.2.2}% 16
\BOOKMARK [2][-]{subsection.2.2.2}{Electromagnetic Calorimeter}{section.2.2}% 17
\BOOKMARK [2][-]{subsection.2.2.3}{Hadron Calorimeter}{section.2.2}% 18
\BOOKMARK [2][-]{subsection.2.2.4}{The Muon System}{section.2.2}% 19
\BOOKMARK [2][-]{subsection.2.2.5}{Trigger and Data Acquisition System}{section.2.2}% 20
\BOOKMARK [2][-]{subsection.2.2.6}{Computing}{section.2.2}% 21
\BOOKMARK [0][-]{chapter.3}{Analysis}{}% 22
\BOOKMARK [1][-]{section.3.1}{MC and Data Samples}{chapter.3}% 23
\BOOKMARK [1][-]{section.3.2}{Signal Reconstruction}{chapter.3}% 24
\BOOKMARK [2][-]{subsection.3.2.1}{Reconstruction of elements}{section.3.2}% 25
\BOOKMARK [2][-]{subsection.3.2.2}{2 Sorting Method}{section.3.2}% 26
\BOOKMARK [1][-]{section.3.3}{Fake rate calculation and Background estimation}{chapter.3}% 27
\BOOKMARK [2][-]{subsection.3.3.1}{Matrix Method for Diphoton Channel}{section.3.3}% 28
\BOOKMARK [3][-]{subsubsection.3.3.1.1}{Photon Fake Rate from leptons}{subsection.3.3.1}% 29
\BOOKMARK [3][-]{subsubsection.3.3.1.2}{Photon Fake Rate from jets}{subsection.3.3.1}% 30
\BOOKMARK [3][-]{subsubsection.3.3.1.3}{Photon Signal Efficiency}{subsection.3.3.1}% 31
\BOOKMARK [3][-]{subsubsection.3.3.1.4}{Ratio Factors}{subsection.3.3.1}% 32
\BOOKMARK [3][-]{subsubsection.3.3.1.5}{Results of Fake Rate Calculations}{subsection.3.3.1}% 33
\BOOKMARK [0][-]{chapter.4}{CONCLUSION}{}% 34
\BOOKMARK [0][-]{chapter*.8}{REFERENCES}{}% 35
