This is pdfTeXk, Version 3.141592-1.40.3 (Web2C 7.5.6) (format=pdflatex 2016.7.20)  13 MAR 2017 15:18
entering extended mode
 %&-line parsing enabled.
**ociamthesismain.tex
(./ociamthesismain.tex
LaTeX2e <2005/12/01>
Babel <v3.8h> and hyphenation patterns for english, usenglishmax, dumylang, noh
yphenation, arabic, basque, bulgarian, coptic, welsh, czech, slovak, german, ng
erman, danish, esperanto, spanish, catalan, galician, estonian, farsi, finnish,
 french, greek, monogreek, ancientgreek, croatian, hungarian, interlingua, ibyc
us, indonesian, icelandic, italian, latin, mongolian, dutch, norsk, polish, por
tuguese, pinyin, romanian, russian, slovenian, uppersorbian, serbian, swedish, 
turkish, ukenglish, ukrainian, loaded.
(./ociamthesis.cls
Document Class: ociamthesis 2010/11/22 v2.2 OCIAM thesis class
(/usr/share/texmf/tex/latex/base/report.cls
Document Class: report 2005/09/16 v1.4f Standard LaTeX document class
(/usr/share/texmf/tex/latex/base/size12.clo
File: size12.clo 2005/09/16 v1.4f Standard LaTeX file (size option)
)
\c@part=\count79
\c@chapter=\count80
\c@section=\count81
\c@subsection=\count82
\c@subsubsection=\count83
\c@paragraph=\count84
\c@subparagraph=\count85
\c@figure=\count86
\c@table=\count87
\abovecaptionskip=\skip41
\belowcaptionskip=\skip42
\bibindent=\dimen102
)
(/usr/share/texmf/tex/latex/graphics/graphicx.sty
Package: graphicx 1999/02/16 v1.0f Enhanced LaTeX Graphics (DPC,SPQR)

(/usr/share/texmf/tex/latex/graphics/keyval.sty
Package: keyval 1999/03/16 v1.13 key=value parser (DPC)
\KV@toks@=\toks14
)
(/usr/share/texmf/tex/latex/graphics/graphics.sty
Package: graphics 2006/02/20 v1.0o Standard LaTeX Graphics (DPC,SPQR)

(/usr/share/texmf/tex/latex/graphics/trig.sty
Package: trig 1999/03/16 v1.09 sin cos tan (DPC)
)
(/usr/share/texmf/tex/latex/config/graphics.cfg
File: graphics.cfg 2007/01/18 v1.5 graphics configuration of teTeX/TeXLive
)
Package graphics Info: Driver file: pdftex.def on input line 90.

(/usr/share/texmf/tex/latex/pdftex-def/pdftex.def
File: pdftex.def 2007/01/08 v0.04d Graphics/color for pdfTeX
\Gread@gobject=\count88
))
\Gin@req@height=\dimen103
\Gin@req@width=\dimen104
)
(/usr/share/texmf/tex/latex/base/ifthen.sty
Package: ifthen 2001/05/26 v1.1c Standard LaTeX ifthen package (DPC)
))
(/usr/share/texmf/tex/latex/amsfonts/amssymb.sty
Package: amssymb 2002/01/22 v2.2d

(/usr/share/texmf/tex/latex/amsfonts/amsfonts.sty
Package: amsfonts 2001/10/25 v2.2f
\@emptytoks=\toks15
\symAMSa=\mathgroup4
\symAMSb=\mathgroup5
LaTeX Font Info:    Overwriting math alphabet `\mathfrak' in version `bold'
(Font)                  U/euf/m/n --> U/euf/b/n on input line 132.
)) (./ociamthesismain.aux
(./dedication.aux) (./acknowlegements.aux) (./abstract.aux) (./chapter1.aux)
(./chapter2.aux) (./conclusions.aux) (./appendix1.aux) (./appendix2.aux))
\openout1 = `ociamthesismain.aux'.

LaTeX Font Info:    Checking defaults for OML/cmm/m/it on input line 22.
LaTeX Font Info:    ... okay on input line 22.
LaTeX Font Info:    Checking defaults for T1/cmr/m/n on input line 22.
LaTeX Font Info:    ... okay on input line 22.
LaTeX Font Info:    Checking defaults for OT1/cmr/m/n on input line 22.
LaTeX Font Info:    ... okay on input line 22.
LaTeX Font Info:    Checking defaults for OMS/cmsy/m/n on input line 22.
LaTeX Font Info:    ... okay on input line 22.
LaTeX Font Info:    Checking defaults for OMX/cmex/m/n on input line 22.
LaTeX Font Info:    ... okay on input line 22.
LaTeX Font Info:    Checking defaults for U/cmr/m/n on input line 22.
LaTeX Font Info:    ... okay on input line 22.

<TU_Wien_Logo.pdf, id=1, 845.1575pt x 597.23125pt>
File: TU_Wien_Logo.pdf Graphic file (type pdf)
 <use TU_Wien_Logo.pdf>
[1


{/usr/share/texmf/fonts/map/pdftex/updmap/pdftex.map} <./TU_Wien_Logo.pdf>]
[2]
\openout2 = `dedication.aux'.

 (./dedication.tex [3


])
\openout2 = `acknowlegements.aux'.

 (./acknowlegements.tex [4



])
\openout2 = `abstract.aux'.

 (./abstract.tex [5



])
(./ociamthesismain.toc)
\tf@toc=\write3
\openout3 = `ociamthesismain.toc'.

 [1



] (./ociamthesismain.lof)
\tf@lof=\write4
\openout4 = `ociamthesismain.lof'.

 [2

]
\openout2 = `chapter1.aux'.

 (./chapter1.tex
Chapter 1.

LaTeX Warning: Citation `Einstein' on page 1 undefined on input line 5.

) [1



]
\openout2 = `chapter2.aux'.

 (./chapter2.tex
Chapter 2.
) [2



]
\openout2 = `conclusions.aux'.

 (./conclusions.tex
Chapter 3.
) [3



]
\openout2 = `appendix1.aux'.

 (./appendix1.tex
Appendix A.
) [4



]
\openout2 = `appendix2.aux'.

 (./appendix2.tex
Appendix B.
) [5



]
No file ociamthesismain.bbl.
(./ociamthesismain.aux (./dedication.aux) (./acknowlegements.aux)
(./abstract.aux) (./chapter1.aux) (./chapter2.aux) (./conclusions.aux)
(./appendix1.aux) (./appendix2.aux))

LaTeX Warning: There were undefined references.

 ) 
Here is how much of TeX's memory you used:
 1014 strings out of 256214
 11695 string characters out of 1917000
 59180 words of memory out of 1500000
 4283 multiletter control sequences out of 10000+200000
 6401 words of font info for 23 fonts, out of 1200000 for 2000
 645 hyphenation exceptions out of 8191
 32i,4n,24p,489b,237s stack positions out of 5000i,500n,6000p,200000b,15000s
</usr/share/texmf/fonts/type1/bluesky/cm/cmbx12.pfb></usr/share/texmf/fonts/t
ype1/bluesky/cm/cmr12.pfb></usr/share/texmf/fonts/type1/bluesky/cm/cmr17.pfb></
usr/share/texmf/fonts/type1/bluesky/cm/cmti12.pfb>
Output written on ociamthesismain.pdf (12 pages, 42302 bytes).
PDF statistics:
 66 PDF objects out of 1000 (max. 8388607)
 0 named destinations out of 1000 (max. 131072)
 6 words of extra memory for PDF output out of 10000 (max. 10000000)

