\BOOKMARK [0][]{chapter.1}{1 Supersymmetry: as an extension of Standard Model}{}% 1
\BOOKMARK [1][]{section.1.1}{1.1 Standard Model}{chapter.1}% 2
\BOOKMARK [2][]{subsection.1.1.1}{1.1.1 Standard Model: Particle Content}{section.1.1}% 3
\BOOKMARK [2][]{subsection.1.1.2}{1.1.2 Standard Model: Particle Interactions}{section.1.1}% 4
\BOOKMARK [2][]{subsection.1.1.3}{1.1.3 Standard Model: from the quantum field theory window }{section.1.1}% 5
\BOOKMARK [2][]{subsection.1.1.4}{1.1.4 Standard Model: Experimental results}{section.1.1}% 6
\BOOKMARK [2][]{subsection.1.1.5}{1.1.5 Shortcomings of the Standard Model}{section.1.1}% 7
\BOOKMARK [1][]{section.1.2}{1.2 Supersymmetry as a solution}{chapter.1}% 8
\BOOKMARK [2][]{subsection.1.2.1}{1.2.1 Algebra of Supersymmetry}{section.1.2}% 9
\BOOKMARK [2][]{subsection.1.2.2}{1.2.2 Minimal Supersymmetric Standard Model}{section.1.2}% 10
\BOOKMARK [2][]{subsection.1.2.3}{1.2.3 Simplified Models}{section.1.2}% 11
\BOOKMARK [2][]{subsection.1.2.4}{1.2.4 Short History of SUSY searches at colliders}{section.1.2}% 12
\BOOKMARK [0][]{chapter.2}{2 Experimental Setup}{}% 13
\BOOKMARK [1][]{section.2.1}{2.1 The Large Hadron Collider at CERN}{chapter.2}% 14
\BOOKMARK [2][]{subsection.2.1.1}{2.1.1 The CERN accelerator complex}{section.2.1}% 15
\BOOKMARK [2][]{subsection.2.1.2}{2.1.2 The Large Hadron Collider}{section.2.1}% 16
\BOOKMARK [1][]{section.2.2}{2.2 The Compact Muon Solenoid experiment at the LHC}{chapter.2}% 17
\BOOKMARK [2][]{subsection.2.2.1}{2.2.1 Superconducting Magnet}{section.2.2}% 18
\BOOKMARK [2][]{subsection.2.2.2}{2.2.2 Tracker}{section.2.2}% 19
\BOOKMARK [2][]{subsection.2.2.3}{2.2.3 Electromagnetic Calorimeter}{section.2.2}% 20
\BOOKMARK [2][]{subsection.2.2.4}{2.2.4 Hadronic Calorimeter}{section.2.2}% 21
\BOOKMARK [2][]{subsection.2.2.5}{2.2.5 Muon System}{section.2.2}% 22
\BOOKMARK [2][]{subsection.2.2.6}{2.2.6 Trigger and Data Acquisition Systems }{section.2.2}% 23
\BOOKMARK [2][]{subsection.2.2.7}{2.2.7 Luminosity measurement}{section.2.2}% 24
\BOOKMARK [1][]{section.2.3}{2.3 Event simulation}{chapter.2}% 25
\BOOKMARK [2][]{subsection.2.3.1}{2.3.1 Event generation}{section.2.3}% 26
\BOOKMARK [2][]{subsection.2.3.2}{2.3.2 Detector simulation}{section.2.3}% 27
\BOOKMARK [0][]{chapter.3}{3 Object reconstruction and identification}{}% 28
\BOOKMARK [1][]{section.3.1}{3.1 Particle-Flow algorithm}{chapter.3}% 29
\BOOKMARK [1][]{section.3.2}{3.2 Physics Object reconstruction and identification}{chapter.3}% 30
\BOOKMARK [2][]{subsection.3.2.1}{3.2.1 Primary vertices}{section.3.2}% 31
\BOOKMARK [2][]{subsection.3.2.2}{3.2.2 Leptons}{section.3.2}% 32
\BOOKMARK [3][]{subsubsection.3.2.2.1}{3.2.2.1 Muons}{subsection.3.2.2}% 33
\BOOKMARK [3][]{subsubsection.3.2.2.2}{3.2.2.2 Electrons}{subsection.3.2.2}% 34
\BOOKMARK [2][]{subsection.3.2.3}{3.2.3 Jets}{section.3.2}% 35
\BOOKMARK [2][]{subsection.3.2.4}{3.2.4 b tagged Jets}{section.3.2}% 36
\BOOKMARK [2][]{subsection.3.2.5}{3.2.5 Missing transverse energy}{section.3.2}% 37
\BOOKMARK [0][]{chapter.4}{4 Event Selection:Baseline and Search regions}{}% 38
\BOOKMARK [1][]{section.4.1}{4.1 SUSY signature}{chapter.4}% 39
\BOOKMARK [2][]{subsection.4.1.1}{4.1.1 Key variables}{section.4.1}% 40
\BOOKMARK [2][]{subsection.4.1.2}{4.1.2 Signal samples}{section.4.1}% 41
\BOOKMARK [1][]{section.4.2}{4.2 Background processes}{chapter.4}% 42
\BOOKMARK [2][]{subsection.4.2.1}{4.2.1 Scale Factors}{section.4.2}% 43
\BOOKMARK [1][]{section.4.3}{4.3 Baseline selection}{chapter.4}% 44
\BOOKMARK [1][]{section.4.4}{4.4 Data Samples}{chapter.4}% 45
\BOOKMARK [2][]{subsection.4.4.1}{4.4.1 Triggers}{section.4.4}% 46
\BOOKMARK [1][]{section.4.5}{4.5 Event cleaning: Filters}{chapter.4}% 47
\BOOKMARK [1][]{section.4.6}{4.6 Control plots}{chapter.4}% 48
\BOOKMARK [1][]{section.4.7}{4.7 Search regions}{chapter.4}% 49
\BOOKMARK [2][]{subsection.4.7.1}{4.7.1 Signal and control region}{section.4.7}% 50
\BOOKMARK [2][]{subsection.4.7.2}{4.7.2 Main band regions}{section.4.7}% 51
\BOOKMARK [0][]{chapter.5}{5 Background Estimation: RCS Method}{}% 52
\BOOKMARK [1][]{section.5.1}{5.1 QCD background estimation}{chapter.5}% 53
\BOOKMARK [1][]{section.5.2}{5.2 Background fraction calculations: b-tag multiplicity fit}{chapter.5}% 54
\BOOKMARK [1][]{section.5.3}{5.3 RCS method in t+jets events}{chapter.5}% 55
\BOOKMARK [1][]{section.5.4}{5.4 RCS method in W+jets events}{chapter.5}% 56
\BOOKMARK [1][]{section.5.5}{5.5 Validation of the background estimation}{chapter.5}% 57
\BOOKMARK [0][]{chapter.6}{6 Systematic Uncertainties}{}% 58
\BOOKMARK [1][]{section.6.1}{6.1 Systematic uncertainties on background estimation}{chapter.6}% 59
\BOOKMARK [1][]{section.6.2}{6.2 Systematic uncertainties on signal modelling}{chapter.6}% 60
\BOOKMARK [1][]{section.6.3}{6.3 Common systematic uncertainties for signal and background modelling}{chapter.6}% 61
\BOOKMARK [0][]{chapter.7}{7 Results and Interpretation}{}% 62
\BOOKMARK [1][]{section.7.1}{7.1 Results of background predition}{chapter.7}% 63
\BOOKMARK [2][]{subsection.7.1.1}{7.1.1 Result of validation in side band regions}{section.7.1}% 64
\BOOKMARK [2][]{subsection.7.1.2}{7.1.2 Background prediction in main band regions}{section.7.1}% 65
\BOOKMARK [1][]{section.7.2}{7.2 Statistical interpretation}{chapter.7}% 66
\BOOKMARK [2][]{subsection.7.2.1}{7.2.1 Frequentist limit setting procedure}{section.7.2}% 67
\BOOKMARK [1][]{section.7.3}{7.3 Interpretation on simplified model T5qqqqWW}{chapter.7}% 68
\BOOKMARK [1][]{section.7.4}{7.4 Comparison to other results}{chapter.7}% 69
\BOOKMARK [0][]{chapter.8}{8 Conclusion}{}% 70
\BOOKMARK [0][]{appendix.A}{A MC Samples and cross sections}{}% 71
\BOOKMARK [0][]{appendix.B}{B Control Plots}{}% 72
\BOOKMARK [0][]{appendix.C}{C Statistical Tests}{}% 73
\BOOKMARK [0][]{appendix*.4}{Bibliography}{}% 74
